<?xml version="1.0" encoding="UTF-8"?>
<!-- Generated by org.testng.reporters.JUnitReportReporter -->
<testsuite hostname="DESKTOP-HBGLQ0J" failures="0" tests="4" name="com.mystore.testcases.Register" time="41.591" errors="0" timestamp="2023-03-30T01:16:45 IST" skipped="0">
  <testcase classname="com.mystore.testcases.Register" name="verifyRegisteringAnAccountWithMandatoryFields" time="9.418"/>
  <system-out/>
  <testcase classname="com.mystore.testcases.Register" name="verifyRegisteringAccountByProvidingAllFields" time="11.454"/>
  <system-out/>
  <testcase classname="com.mystore.testcases.Register" name="verifyRegisteringAccountWithExistingEmailAddress" time="8.959"/>
  <system-out/>
  <testcase classname="com.mystore.testcases.Register" name="verifyRegisteringAccountWithoutFillingAnyDetails" time="11.760"/>
  <system-out/>
</testsuite> <!-- com.mystore.testcases.Register -->
